 k  |              v               
----+------------------------------
 ts | 2026-02-02 07:06:38.66043+03
(1 row)

 k  |      v      
----+-------------
 db | tirehub_etl
(1 row)

   kind   |      schema      |       proname        |                           ident_args                            
----------+------------------+----------------------+-----------------------------------------------------------------
 api_func | ssot_curated_api | get_current_artifact | p_environment text, p_channel text
 api_func | ssot_curated_api | publish_curated      | p_snapshot_id uuid, p_curated_version text, p_published_by text
(2 rows)

 kind | schema | proname | ident_args 
------+--------+---------+------------
(0 rows)

 kind  |          tbl           | n 
-------+------------------------+---
 count | artifact_pointers      | 1
 count | canonical_items_source | 1
 count | canonical_snapshots    | 1
 count | curated_artifacts      | 1
 count | offers_v1              | 1
 count | warehouse_aliases      | 0
 count | warehouse_keys         | 0
(7 rows)

      kind       | status | status_v14a | n 
-----------------+--------+-------------+---
 artifact_status | active | published   | 1
(1 row)

    kind    |                rel                 |            conname             |                             def                              
------------+------------------------------------+--------------------------------+--------------------------------------------------------------
 constraint | ssot_ingestion.canonical_snapshots | canonical_snapshots_status_chk | CHECK ((status = ANY (ARRAY['open'::text, 'sealed'::text])))
(1 row)

      kind       |           current_artifact           
-----------------+--------------------------------------
 current_pointer | 5df74ef5-b015-4798-a339-c0115d09129a
(1 row)

